<?xml version="1.0" encoding="UTF-8"?>
<!-- Generated by org.testng.reporters.JUnitReportReporter -->
<testsuite hostname="LAPTOP-ST80I3H1" failures="0" tests="1" name="vTigerCamapignsModule.CreateCampaignWithProductTest" time="38.572" errors="0" timestamp="2025-06-30T08:38:43 IST" skipped="0">
  <testcase classname="vTigerCamapignsModule.CreateCampaignWithProductTest" name="CreateCampaignWithProductTest" time="38.572"/>
</testsuite> <!-- vTigerCamapignsModule.CreateCampaignWithProductTest -->
