<?xml version="1.0" encoding="UTF-8"?>
<!-- Generated by org.testng.reporters.JUnitReportReporter -->
<testsuite hostname="LAPTOP-ST80I3H1" failures="0" tests="1" name="vTigerCamapignsModule.CreateCampaignTest" time="26.307" errors="0" timestamp="2025-06-30T08:37:13 IST" skipped="0">
  <testcase classname="vTigerCamapignsModule.CreateCampaignTest" name="CreateCampaignTest" time="26.307"/>
</testsuite> <!-- vTigerCamapignsModule.CreateCampaignTest -->
