<?xml version="1.0" encoding="UTF-8"?>
<!-- Generated by org.testng.reporters.JUnitReportReporter -->
<testsuite hostname="LAPTOP-ST80I3H1" failures="0" tests="1" name="Assertions.SoftAssertEX" time="0.014" errors="0" timestamp="2025-07-04T09:01:32 IST" skipped="0">
  <testcase classname="Assertions.SoftAssertEX" name="m1" time="0.014"/>
</testsuite> <!-- Assertions.SoftAssertEX -->
