<?xml version="1.0" encoding="UTF-8"?>
<!-- Generated by org.testng.reporters.JUnitReportReporter -->
<testsuite hostname="LAPTOP-ST80I3H1" failures="0" tests="1" name="vTigerOrganisationModule.CreateOrganisationOp" time="22.541" errors="0" timestamp="2025-07-01T07:17:47 IST" skipped="0">
  <testcase classname="vTigerOrganisationModule.CreateOrganisationOp" name="CreateOrganisationOp" time="22.541"/>
</testsuite> <!-- vTigerOrganisationModule.CreateOrganisationOp -->
