<?xml version="1.0" encoding="UTF-8"?>
<!-- Generated by org.testng.reporters.JUnitReportReporter -->
<testsuite hostname="LAPTOP-ST80I3H1" failures="0" tests="1" name="vTigerOrganisationModule.CreateOrganisationOpTest" time="18.537" errors="0" timestamp="2025-07-08T08:04:44 IST" skipped="0">
  <testcase classname="vTigerOrganisationModule.CreateOrganisationOpTest" name="CreateOrganisationOpTest" time="18.537"/>
</testsuite> <!-- vTigerOrganisationModule.CreateOrganisationOpTest -->
