<?xml version="1.0" encoding="UTF-8"?>
<!-- Generated by org.testng.reporters.JUnitReportReporter -->
<testsuite hostname="LAPTOP-ST80I3H1" failures="0" tests="1" name="vTigerProductModule.CreateProductOp" time="50.722" errors="0" timestamp="2025-07-01T07:14:55 IST" skipped="0">
  <testcase classname="vTigerProductModule.CreateProductOp" name="CreateProductOp" time="50.722"/>
</testsuite> <!-- vTigerProductModule.CreateProductOp -->
