<?xml version="1.0" encoding="UTF-8"?>
<!-- Generated by org.testng.reporters.JUnitReportReporter -->
<testsuite hostname="LAPTOP-ST80I3H1" failures="0" tests="1" name="vTigerOrganisationModule.CreateOrganisationTest" time="25.537" errors="0" timestamp="2025-06-30T08:40:16 IST" skipped="0">
  <testcase classname="vTigerOrganisationModule.CreateOrganisationTest" name="CreateOrganisationTest" time="25.537"/>
</testsuite> <!-- vTigerOrganisationModule.CreateOrganisationTest -->
