<?xml version="1.0" encoding="UTF-8"?>
<!-- Generated by org.testng.reporters.JUnitReportReporter -->
<testsuite hostname="LAPTOP-ST80I3H1" failures="0" tests="1" name="vTigerCamapignsModule.CreateCampaignOpTest" time="16.182" errors="0" timestamp="2025-07-08T08:24:45 IST" skipped="0">
  <testcase classname="vTigerCamapignsModule.CreateCampaignOpTest" name="CreateCampaignOpTest" time="16.182"/>
</testsuite> <!-- vTigerCamapignsModule.CreateCampaignOpTest -->
