<?xml version="1.0" encoding="UTF-8"?>
<!-- Generated by org.testng.reporters.JUnitReportReporter -->
<testsuite hostname="LAPTOP-ST80I3H1" failures="0" tests="1" name="vTigerProductModule.CreateProductOpTest" time="70.398" errors="0" timestamp="2025-07-10T08:50:16 IST" skipped="0">
  <testcase classname="vTigerProductModule.CreateProductOpTest" name="CreateProductOpTest" time="70.398"/>
</testsuite> <!-- vTigerProductModule.CreateProductOpTest -->
