<?xml version="1.0" encoding="UTF-8"?>
<!-- Generated by org.testng.reporters.JUnitReportReporter -->
<testsuite hostname="LAPTOP-ST80I3H1" failures="0" tests="1" name="vTigerProductModule.CreateProductOpTest" time="11.065" errors="0" timestamp="2025-07-08T08:05:39 IST" skipped="0">
  <testcase classname="vTigerProductModule.CreateProductOpTest" name="CreateProductOpTest" time="11.065"/>
</testsuite> <!-- vTigerProductModule.CreateProductOpTest -->
