<?xml version="1.0" encoding="UTF-8"?>
<!-- Generated by org.testng.reporters.JUnitReportReporter -->
<testsuite hostname="LAPTOP-ST80I3H1" failures="0" tests="1" name="vTigerProductModule.CreateProductTest" time="21.095" errors="0" timestamp="2025-06-30T08:42:56 IST" skipped="0">
  <testcase classname="vTigerProductModule.CreateProductTest" name="CreateProductTest" time="21.095"/>
</testsuite> <!-- vTigerProductModule.CreateProductTest -->
